#
# There is insufficient memory for the Java Runtime Environment to continue.
# Native memory allocation (malloc) failed to allocate 47184 bytes for Chunk::new
# Possible reasons:
#   The system is out of physical RAM or swap space
#   In 32 bit mode, the process size limit was hit
# Possible solutions:
#   Reduce memory load on the system
#   Increase physical memory or swap space
#   Check if swap backing store is full
#   Use 64 bit Java on a 64 bit OS
#   Decrease Java heap size (-Xmx/-Xms)
#   Decrease number of Java threads
#   Decrease Java thread stack sizes (-Xss)
#   Set larger code cache with -XX:ReservedCodeCacheSize=
# This output file may be truncated or incomplete.
#
#  Out of Memory Error (allocation.cpp:390), pid=12148, tid=0x0000000000002a6c
#
# JRE version: Java(TM) SE Runtime Environment (8.0_151-b12) (build 1.8.0_151-b12)
# Java VM: Java HotSpot(TM) 64-Bit Server VM (25.151-b12 mixed mode windows-amd64 compressed oops)
# Failed to write core dump. Minidumps are not enabled by default on client versions of Windows
#

---------------  T H R E A D  ---------------

Current thread (0x00000000153cc000):  JavaThread "C1 CompilerThread2" daemon [_thread_in_native, id=10860, stack(0x0000000016d30000,0x0000000016e30000)]

Stack: [0x0000000016d30000,0x0000000016e30000]
[error occurred during error reporting (printing stack bounds), id 0xc0000005]

Native frames: (J=compiled Java code, j=interpreted, Vv=VM code, C=native code)


Current CompileTask:
C1: 202185 1266   !   3       java.awt.DefaultKeyboardFocusManager::dispatchEvent (1589 bytes)


---------------  P R O C E S S  ---------------

Java Threads: ( => current thread )
  0x0000000017093800 JavaThread "TimerQueue" daemon [_thread_blocked, id=6480, stack(0x000000001b950000,0x000000001ba50000)]
  0x0000000018879800 JavaThread "oracle.jdbc.driver.BlockSource.ThreadedCachingBlockSource.BlockReleaser" daemon [_thread_blocked, id=15884, stack(0x000000001b060000,0x000000001b160000)]
  0x0000000002cf0800 JavaThread "DestroyJavaVM" [_thread_blocked, id=10624, stack(0x0000000002bf0000,0x0000000002cf0000)]
  0x0000000018153000 JavaThread "AWT-EventQueue-0" [_thread_blocked, id=8556, stack(0x0000000018950000,0x0000000018a50000)]
  0x00000000171ac800 JavaThread "AWT-Windows" daemon [_thread_in_native, id=8136, stack(0x0000000017790000,0x0000000017890000)]
  0x00000000171a9800 JavaThread "AWT-Shutdown" [_thread_blocked, id=14804, stack(0x0000000017690000,0x0000000017790000)]
  0x00000000171a9000 JavaThread "Java2D Disposer" daemon [_thread_blocked, id=12432, stack(0x0000000017590000,0x0000000017690000)]
  0x0000000016e59800 JavaThread "Service Thread" daemon [_thread_blocked, id=12180, stack(0x0000000017230000,0x0000000017330000)]
=>0x00000000153cc000 JavaThread "C1 CompilerThread2" daemon [_thread_in_native, id=10860, stack(0x0000000016d30000,0x0000000016e30000)]
  0x00000000153c3000 JavaThread "C2 CompilerThread1" daemon [_thread_blocked, id=4392, stack(0x0000000016c30000,0x0000000016d30000)]
  0x00000000153c0000 JavaThread "C2 CompilerThread0" daemon [_thread_blocked, id=15436, stack(0x0000000016b30000,0x0000000016c30000)]
  0x00000000153bc000 JavaThread "Attach Listener" daemon [_thread_blocked, id=16060, stack(0x0000000016a30000,0x0000000016b30000)]
  0x00000000153ba800 JavaThread "Signal Dispatcher" daemon [_thread_blocked, id=6696, stack(0x0000000016930000,0x0000000016a30000)]
  0x0000000002dea000 JavaThread "Finalizer" daemon [_thread_blocked, id=9896, stack(0x0000000016620000,0x0000000016720000)]
  0x0000000002ddf000 JavaThread "Reference Handler" daemon [_thread_blocked, id=15112, stack(0x0000000016520000,0x0000000016620000)]

Other Threads:
  0x0000000015388000 VMThread [stack: 0x0000000016420000,0x0000000016520000] [id=7204]
  0x0000000016e6f000 WatcherThread [stack: 0x0000000017490000,0x0000000017590000] [id=5168]

VM state:not at safepoint (normal execution)

VM Mutex/Monitor currently owned by a thread: None

Heap:
 PSYoungGen      total 18944K, used 11624K [0x00000000eb400000, 0x00000000ec900000, 0x0000000100000000)
  eden space 16384K, 70% used [0x00000000eb400000,0x00000000ebf5a338,0x00000000ec400000)
  from space 2560K, 0% used [0x00000000ec680000,0x00000000ec680000,0x00000000ec900000)
  to   space 2560K, 0% used [0x00000000ec400000,0x00000000ec400000,0x00000000ec680000)
 ParOldGen       total 25600K, used 5667K [0x00000000c1c00000, 0x00000000c3500000, 0x00000000eb400000)
  object space 25600K, 22% used [0x00000000c1c00000,0x00000000c2188da0,0x00000000c3500000)
 Metaspace       used 23743K, capacity 24070K, committed 24448K, reserved 1071104K
  class space    used 2555K, capacity 2641K, committed 2688K, reserved 1048576K

Card table byte_map: [0x00000000121b0000,0x00000000123b0000] byte_map_base: 0x0000000011ba2000

Marking Bits: (ParMarkBitMap*) 0x0000000062a5d850
 Begin Bits: [0x0000000012900000, 0x0000000013890000)
 End Bits:   [0x0000000013890000, 0x0000000014820000)

Polling page: 0x0000000001280000

CodeCache: size=245760Kb used=4396Kb max_used=4396Kb free=241363Kb
 bounds [0x0000000002df0000, 0x0000000003240000, 0x0000000011df0000]
 total_blobs=1845 nmethods=1265 adapters=492
 compilation: enabled

Compilation events (10 events):
Event: 201.949 Thread 0x00000000153cc000 nmethod 1260 0x000000000323a0d0 code [0x000000000323a220, 0x000000000323a330]
Event: 202.026 Thread 0x00000000153cc000 1261       3       sun.reflect.UnsafeBooleanFieldAccessorImpl::setBoolean (30 bytes)
Event: 202.027 Thread 0x00000000153cc000 nmethod 1261 0x000000000323a710 code [0x000000000323a920, 0x000000000323b7d8]
Event: 202.035 Thread 0x00000000153cc000 1263       3       java.util.concurrent.locks.AbstractQueuedSynchronizer::unparkSuccessor (84 bytes)
Event: 202.036 Thread 0x00000000153cc000 nmethod 1263 0x000000000323be10 code [0x000000000323bfa0, 0x000000000323c4e8]
Event: 202.074 Thread 0x00000000153cc000 1264       1       java.awt.event.MouseEvent::isPopupTrigger (5 bytes)
Event: 202.074 Thread 0x00000000153cc000 nmethod 1264 0x000000000323c710 code [0x000000000323c860, 0x000000000323c970]
Event: 202.102 Thread 0x00000000153cc000 1265       3       java.security.AccessControlContext::<init> (30 bytes)
Event: 202.102 Thread 0x00000000153cc000 nmethod 1265 0x000000000323c9d0 code [0x000000000323cb20, 0x000000000323cd10]
Event: 202.112 Thread 0x00000000153cc000 1266   !   3       java.awt.DefaultKeyboardFocusManager::dispatchEvent (1589 bytes)

GC Heap History (6 events):
Event: 193.958 GC heap before
{Heap before GC invocations=1 (full 0):
 PSYoungGen      total 18944K, used 16384K [0x00000000eb400000, 0x00000000ec900000, 0x0000000100000000)
  eden space 16384K, 100% used [0x00000000eb400000,0x00000000ec400000,0x00000000ec400000)
  from space 2560K, 0% used [0x00000000ec680000,0x00000000ec680000,0x00000000ec900000)
  to   space 2560K, 0% used [0x00000000ec400000,0x00000000ec400000,0x00000000ec680000)
 ParOldGen       total 44032K, used 0K [0x00000000c1c00000, 0x00000000c4700000, 0x00000000eb400000)
  object space 44032K, 0% used [0x00000000c1c00000,0x00000000c1c00000,0x00000000c4700000)
 Metaspace       used 16002K, capacity 16220K, committed 16384K, reserved 1062912K
  class space    used 1906K, capacity 1990K, committed 2048K, reserved 1048576K
Event: 193.965 GC heap after
Heap after GC invocations=1 (full 0):
 PSYoungGen      total 18944K, used 2536K [0x00000000eb400000, 0x00000000ec900000, 0x0000000100000000)
  eden space 16384K, 0% used [0x00000000eb400000,0x00000000eb400000,0x00000000ec400000)
  from space 2560K, 99% used [0x00000000ec400000,0x00000000ec67a2e0,0x00000000ec680000)
  to   space 2560K, 0% used [0x00000000ec680000,0x00000000ec680000,0x00000000ec900000)
 ParOldGen       total 44032K, used 1448K [0x00000000c1c00000, 0x00000000c4700000, 0x00000000eb400000)
  object space 44032K, 3% used [0x00000000c1c00000,0x00000000c1d6a3f0,0x00000000c4700000)
 Metaspace       used 16002K, capacity 16220K, committed 16384K, reserved 1062912K
  class space    used 1906K, capacity 1990K, committed 2048K, reserved 1048576K
}
Event: 195.491 GC heap before
{Heap before GC invocations=2 (full 0):
 PSYoungGen      total 18944K, used 16109K [0x00000000eb400000, 0x00000000ec900000, 0x0000000100000000)
  eden space 16384K, 82% used [0x00000000eb400000,0x00000000ec141360,0x00000000ec400000)
  from space 2560K, 99% used [0x00000000ec400000,0x00000000ec67a2e0,0x00000000ec680000)
  to   space 2560K, 0% used [0x00000000ec680000,0x00000000ec680000,0x00000000ec900000)
 ParOldGen       total 44032K, used 1448K [0x00000000c1c00000, 0x00000000c4700000, 0x00000000eb400000)
  object space 44032K, 3% used [0x00000000c1c00000,0x00000000c1d6a3f0,0x00000000c4700000)
 Metaspace       used 20970K, capacity 21160K, committed 21296K, reserved 1069056K
  class space    used 2302K, capacity 2378K, committed 2432K, reserved 1048576K
Event: 195.498 GC heap after
Heap after GC invocations=2 (full 0):
 PSYoungGen      total 18944K, used 2538K [0x00000000eb400000, 0x00000000ec900000, 0x0000000100000000)
  eden space 16384K, 0% used [0x00000000eb400000,0x00000000eb400000,0x00000000ec400000)
  from space 2560K, 99% used [0x00000000ec680000,0x00000000ec8fab98,0x00000000ec900000)
  to   space 2560K, 0% used [0x00000000ec400000,0x00000000ec400000,0x00000000ec680000)
 ParOldGen       total 44032K, used 4497K [0x00000000c1c00000, 0x00000000c4700000, 0x00000000eb400000)
  object space 44032K, 10% used [0x00000000c1c00000,0x00000000c2064448,0x00000000c4700000)
 Metaspace       used 20970K, capacity 21160K, committed 21296K, reserved 1069056K
  class space    used 2302K, capacity 2378K, committed 2432K, reserved 1048576K
}
Event: 195.498 GC heap before
{Heap before GC invocations=3 (full 1):
 PSYoungGen      total 18944K, used 2538K [0x00000000eb400000, 0x00000000ec900000, 0x0000000100000000)
  eden space 16384K, 0% used [0x00000000eb400000,0x00000000eb400000,0x00000000ec400000)
  from space 2560K, 99% used [0x00000000ec680000,0x00000000ec8fab98,0x00000000ec900000)
  to   space 2560K, 0% used [0x00000000ec400000,0x00000000ec400000,0x00000000ec680000)
 ParOldGen       total 44032K, used 4497K [0x00000000c1c00000, 0x00000000c4700000, 0x00000000eb400000)
  object space 44032K, 10% used [0x00000000c1c00000,0x00000000c2064448,0x00000000c4700000)
 Metaspace       used 20970K, capacity 21160K, committed 21296K, reserved 1069056K
  class space    used 2302K, capacity 2378K, committed 2432K, reserved 1048576K
Event: 195.530 GC heap after
Heap after GC invocations=3 (full 1):
 PSYoungGen      total 18944K, used 0K [0x00000000eb400000, 0x00000000ec900000, 0x0000000100000000)
  eden space 16384K, 0% used [0x00000000eb400000,0x00000000eb400000,0x00000000ec400000)
  from space 2560K, 0% used [0x00000000ec680000,0x00000000ec680000,0x00000000ec900000)
  to   space 2560K, 0% used [0x00000000ec400000,0x00000000ec400000,0x00000000ec680000)
 ParOldGen       total 25600K, used 5667K [0x00000000c1c00000, 0x00000000c3500000, 0x00000000eb400000)
  object space 25600K, 22% used [0x00000000c1c00000,0x00000000c2188da0,0x00000000c3500000)
 Metaspace       used 20970K, capacity 21160K, committed 21296K, reserved 1069056K
  class space    used 2302K, capacity 2378K, committed 2432K, reserved 1048576K
}

Deoptimization events (3 events):
Event: 0.316 Thread 0x0000000002cf0800 Uncommon trap: reason=null_check action=make_not_entrant pc=0x0000000002f5d8dc method=java.lang.String.equals(Ljava/lang/Object;)Z @ 8
Event: 192.663 Thread 0x0000000018153000 Uncommon trap: reason=unstable_if action=reinterpret pc=0x000000000303cc24 method=java.io.BufferedReader.read()I @ 19
Event: 198.279 Thread 0x0000000018153000 Uncommon trap: reason=class_check action=maybe_recompile pc=0x0000000002f78c68 method=java.lang.String.equals(Ljava/lang/Object;)Z @ 8

Internal exceptions (10 events):
Event: 192.584 Thread 0x0000000018153000 Exception <a 'java/lang/ArrayIndexOutOfBoundsException'> (0x00000000eba14820) thrown at [C:\re\workspace\8-2-build-windows-amd64-cygwin\jdk8u151\9699\hotspot\src\share\vm\runtime\sharedRuntime.cpp, line 605]
Event: 192.585 Thread 0x0000000018153000 Exception <a 'java/lang/ArrayIndexOutOfBoundsException'> (0x00000000eba15780) thrown at [C:\re\workspace\8-2-build-windows-amd64-cygwin\jdk8u151\9699\hotspot\src\share\vm\runtime\sharedRuntime.cpp, line 605]
Event: 192.585 Thread 0x0000000018153000 Exception <a 'java/lang/ArrayIndexOutOfBoundsException'> (0x00000000eba16920) thrown at [C:\re\workspace\8-2-build-windows-amd64-cygwin\jdk8u151\9699\hotspot\src\share\vm\runtime\sharedRuntime.cpp, line 605]
Event: 192.588 Thread 0x0000000018153000 Exception <a 'java/lang/ArrayIndexOutOfBoundsException'> (0x00000000eba18368) thrown at [C:\re\workspace\8-2-build-windows-amd64-cygwin\jdk8u151\9699\hotspot\src\share\vm\runtime\sharedRuntime.cpp, line 605]
Event: 192.598 Thread 0x0000000018153000 Exception <a 'java/lang/ArrayIndexOutOfBoundsException'> (0x00000000eba3e970) thrown at [C:\re\workspace\8-2-build-windows-amd64-cygwin\jdk8u151\9699\hotspot\src\share\vm\runtime\sharedRuntime.cpp, line 605]
Event: 192.599 Thread 0x0000000018153000 Exception <a 'java/lang/ArrayIndexOutOfBoundsException'> (0x00000000eba3fdc0) thrown at [C:\re\workspace\8-2-build-windows-amd64-cygwin\jdk8u151\9699\hotspot\src\share\vm\runtime\sharedRuntime.cpp, line 605]
Event: 192.600 Thread 0x0000000018153000 Exception <a 'java/lang/ArrayIndexOutOfBoundsException'> (0x00000000eba41890) thrown at [C:\re\workspace\8-2-build-windows-amd64-cygwin\jdk8u151\9699\hotspot\src\share\vm\runtime\sharedRuntime.cpp, line 605]
Event: 192.610 Thread 0x0000000018153000 Exception <a 'java/lang/ArrayIndexOutOfBoundsException'> (0x00000000eba67db0) thrown at [C:\re\workspace\8-2-build-windows-amd64-cygwin\jdk8u151\9699\hotspot\src\share\vm\runtime\sharedRuntime.cpp, line 605]
Event: 192.618 Thread 0x0000000018153000 Exception <a 'java/lang/ArrayIndexOutOfBoundsException'> (0x00000000eba75f20) thrown at [C:\re\workspace\8-2-build-windows-amd64-cygwin\jdk8u151\9699\hotspot\src\share\vm\runtime\sharedRuntime.cpp, line 605]
Event: 192.700 Thread 0x0000000018153000 Exception <a 'java/lang/NoClassDefFoundError': oracle/security/pki/OraclePKIProvider> (0x00000000ebc0a150) thrown at [C:\re\workspace\8-2-build-windows-amd64-cygwin\jdk8u151\9699\hotspot\src\share\vm\classfile\systemDictionary.cpp, line 199]

Events (10 events):
Event: 200.922 loading class javax/swing/DefaultListModel
Event: 200.923 loading class javax/swing/DefaultListModel done
Event: 200.924 Executing VM operation: RevokeBias
Event: 200.924 Executing VM operation: RevokeBias done
Event: 200.927 Executing VM operation: RevokeBias
Event: 200.927 Executing VM operation: RevokeBias done
Event: 200.927 Executing VM operation: RevokeBias
Event: 200.927 Executing VM operation: RevokeBias done
Event: 200.960 Executing VM operation: BulkRevokeBias
Event: 200.960 Executing VM operation: BulkRevokeBias done


Dynamic libraries:
0x00007ff6fa1f0000 - 0x00007ff6fa227000 	C:\Program Files\Java\jre1.8.0_151\bin\javaw.exe
0x00007ff87e4a0000 - 0x00007ff87e67b000 	C:\WINDOWS\SYSTEM32\ntdll.dll
0x00007ff864050000 - 0x00007ff864084000 	C:\Program Files\AVAST Software\Avast\x64\aswhooka.dll
0x00007ff87bc30000 - 0x00007ff87bcde000 	C:\WINDOWS\System32\KERNEL32.DLL
0x00007ff87b270000 - 0x00007ff87b4b9000 	C:\WINDOWS\System32\KERNELBASE.dll
0x00007ff87bf70000 - 0x00007ff87c011000 	C:\WINDOWS\System32\ADVAPI32.dll
0x00007ff87bda0000 - 0x00007ff87be3d000 	C:\WINDOWS\System32\msvcrt.dll
0x00007ff87c610000 - 0x00007ff87c669000 	C:\WINDOWS\System32\sechost.dll
0x00007ff87be40000 - 0x00007ff87bf65000 	C:\WINDOWS\System32\RPCRT4.dll
0x00007ff87c6e0000 - 0x00007ff87c82a000 	C:\WINDOWS\System32\USER32.dll
0x00007ff87b9e0000 - 0x00007ff87b9fe000 	C:\WINDOWS\System32\win32u.dll
0x00007ff87e1a0000 - 0x00007ff87e1c7000 	C:\WINDOWS\System32\GDI32.dll
0x00007ff87b740000 - 0x00007ff87b8c7000 	C:\WINDOWS\System32\gdi32full.dll
0x00007ff87b8d0000 - 0x00007ff87b96a000 	C:\WINDOWS\System32\msvcp_win.dll
0x00007ff87a9c0000 - 0x00007ff87aab6000 	C:\WINDOWS\System32\ucrtbase.dll
0x00007ff8719a0000 - 0x00007ff871c07000 	C:\WINDOWS\WinSxS\amd64_microsoft.windows.common-controls_6595b64144ccf1df_6.0.15063.483_none_26002d27e7c744a2\COMCTL32.dll
0x00007ff87c310000 - 0x00007ff87c609000 	C:\WINDOWS\System32\combase.dll
0x00007ff87b970000 - 0x00007ff87b9da000 	C:\WINDOWS\System32\bcryptPrimitives.dll
0x00007ff87e2b0000 - 0x00007ff87e2dd000 	C:\WINDOWS\System32\IMM32.DLL
0x0000000062160000 - 0x0000000062232000 	C:\Program Files\Java\jre1.8.0_151\bin\msvcr100.dll
0x0000000062240000 - 0x0000000062add000 	C:\Program Files\Java\jre1.8.0_151\bin\server\jvm.dll
0x00007ff87c840000 - 0x00007ff87c848000 	C:\WINDOWS\System32\PSAPI.DLL
0x00007ff86fbe0000 - 0x00007ff86fbe9000 	C:\WINDOWS\SYSTEM32\WSOCK32.dll
0x00007ff87c670000 - 0x00007ff87c6dc000 	C:\WINDOWS\System32\WS2_32.dll
0x00007ff872640000 - 0x00007ff872663000 	C:\WINDOWS\SYSTEM32\WINMM.dll
0x00007ff871c50000 - 0x00007ff871c5a000 	C:\WINDOWS\SYSTEM32\VERSION.dll
0x00007ff872610000 - 0x00007ff87263b000 	C:\WINDOWS\SYSTEM32\WINMMBASE.dll
0x00007ff87b6f0000 - 0x00007ff87b739000 	C:\WINDOWS\System32\cfgmgr32.dll
0x0000000064520000 - 0x000000006452f000 	C:\Program Files\Java\jre1.8.0_151\bin\verify.dll
0x0000000063aa0000 - 0x0000000063ac9000 	C:\Program Files\Java\jre1.8.0_151\bin\java.dll
0x0000000063a80000 - 0x0000000063a96000 	C:\Program Files\Java\jre1.8.0_151\bin\zip.dll
0x00007ff87cd60000 - 0x00007ff87e197000 	C:\WINDOWS\System32\SHELL32.dll
0x00007ff87e2e0000 - 0x00007ff87e38a000 	C:\WINDOWS\System32\shcore.dll
0x00007ff87aac0000 - 0x00007ff87b1b1000 	C:\WINDOWS\System32\windows.storage.dll
0x00007ff87bbd0000 - 0x00007ff87bc21000 	C:\WINDOWS\System32\shlwapi.dll
0x00007ff87a950000 - 0x00007ff87a961000 	C:\WINDOWS\System32\kernel.appcore.dll
0x00007ff87a970000 - 0x00007ff87a9bc000 	C:\WINDOWS\System32\powrprof.dll
0x00007ff87a930000 - 0x00007ff87a945000 	C:\WINDOWS\System32\profapi.dll
0x0000000061fc0000 - 0x0000000062158000 	C:\Program Files\Java\jre1.8.0_151\bin\awt.dll
0x00007ff87cc90000 - 0x00007ff87cd50000 	C:\WINDOWS\System32\OLEAUT32.dll
0x00007ff8790b0000 - 0x00007ff87912e000 	C:\WINDOWS\SYSTEM32\apphelp.dll
0x00007ff86ccc0000 - 0x00007ff86ccea000 	C:\WINDOWS\system32\DWMAPI.DLL
0x00007ff879210000 - 0x00007ff8792a5000 	C:\WINDOWS\system32\uxtheme.dll
0x00007ff85c620000 - 0x00007ff85c741000 	C:\WINDOWS\system32\opengl32.dll
0x00007ff85cba0000 - 0x00007ff85cbcc000 	C:\WINDOWS\SYSTEM32\GLU32.dll
0x00007ff87ba00000 - 0x00007ff87bb66000 	C:\WINDOWS\System32\MSCTF.dll
0x00007ff87c1c0000 - 0x00007ff87c305000 	C:\WINDOWS\System32\ole32.dll
0x0000000061f70000 - 0x0000000061fb7000 	C:\Program Files\Java\jre1.8.0_151\bin\fontmanager.dll
0x0000000062c30000 - 0x0000000062c4a000 	C:\Program Files\Java\jre1.8.0_151\bin\net.dll
0x00007ff87a1c0000 - 0x00007ff87a21c000 	C:\WINDOWS\system32\mswsock.dll
0x0000000062c10000 - 0x0000000062c21000 	C:\Program Files\Java\jre1.8.0_151\bin\nio.dll
0x0000000061f20000 - 0x0000000061f62000 	C:\Program Files\Java\jre1.8.0_151\bin\t2k.dll
0x00007ff86c630000 - 0x00007ff86c6b2000 	C:\WINDOWS\System32\TextInputFramework.dll
0x00007ff86c260000 - 0x00007ff86c533000 	C:\WINDOWS\System32\CoreUIComponents.dll
0x00007ff878450000 - 0x00007ff878534000 	C:\WINDOWS\System32\CoreMessaging.dll
0x00007ff879b20000 - 0x00007ff879b51000 	C:\WINDOWS\SYSTEM32\ntmarta.dll
0x00007ff8775d0000 - 0x00007ff877709000 	C:\WINDOWS\SYSTEM32\wintypes.dll
0x00007ff8778b0000 - 0x00007ff8778c5000 	C:\WINDOWS\SYSTEM32\usermgrcli.dll
0x0000000063a70000 - 0x0000000063a7d000 	C:\Program Files\Java\jre1.8.0_151\bin\management.dll
0x00007ff879fb0000 - 0x00007ff87a054000 	C:\WINDOWS\SYSTEM32\DNSAPI.dll
0x00007ff87c830000 - 0x00007ff87c838000 	C:\WINDOWS\System32\NSI.dll
0x00007ff879f60000 - 0x00007ff879f97000 	C:\WINDOWS\SYSTEM32\IPHLPAPI.DLL
0x0000000065c50000 - 0x0000000065c76000 	C:\Program Files\Bonjour\mdnsNSP.dll
0x00007ff86f9e0000 - 0x00007ff86f9ea000 	C:\Windows\System32\rasadhlp.dll
0x00007ff872a20000 - 0x00007ff872a8b000 	C:\WINDOWS\System32\fwpuclnt.dll
0x00007ff87a7e0000 - 0x00007ff87a805000 	C:\WINDOWS\SYSTEM32\bcrypt.dll
0x00007ff87a360000 - 0x00007ff87a377000 	C:\WINDOWS\SYSTEM32\CRYPTSP.dll
0x00007ff879de0000 - 0x00007ff879e14000 	C:\WINDOWS\system32\rsaenh.dll
0x00007ff87a840000 - 0x00007ff87a869000 	C:\WINDOWS\SYSTEM32\USERENV.dll
0x00007ff87a380000 - 0x00007ff87a38b000 	C:\WINDOWS\SYSTEM32\CRYPTBASE.dll
0x00007ff872f90000 - 0x00007ff872fa6000 	C:\WINDOWS\SYSTEM32\dhcpcsvc6.DLL
0x00007ff873410000 - 0x00007ff87342a000 	C:\WINDOWS\SYSTEM32\dhcpcsvc.DLL
0x00007ff86f1d0000 - 0x00007ff86f1e6000 	C:\WINDOWS\system32\napinsp.dll
0x00007ff86df80000 - 0x00007ff86df9a000 	C:\WINDOWS\system32\pnrpnsp.dll
0x00007ff877b70000 - 0x00007ff877b88000 	C:\WINDOWS\system32\NLAapi.dll
0x00007ff86df70000 - 0x00007ff86df7e000 	C:\WINDOWS\System32\winrnr.dll
0x00007ff86df20000 - 0x00007ff86df35000 	C:\WINDOWS\System32\wshbth.dll
0x00007ff87bce0000 - 0x00007ff87bd7e000 	C:\WINDOWS\System32\clbcatq.dll
0x00007ff870140000 - 0x00007ff8702ec000 	C:\WINDOWS\SYSTEM32\WindowsCodecs.dll
0x00007ff877760000 - 0x00007ff8777a7000 	C:\WINDOWS\system32\dataexchange.dll
0x00007ff878170000 - 0x00007ff87844f000 	C:\WINDOWS\system32\d3d11.dll
0x00007ff878af0000 - 0x00007ff878c13000 	C:\WINDOWS\system32\dcomp.dll
0x00007ff879860000 - 0x00007ff879904000 	C:\WINDOWS\system32\dxgi.dll
0x00007ff879430000 - 0x00007ff8795a0000 	C:\WINDOWS\system32\twinapi.appcore.dll

VM Arguments:
jvm_args: -Dfile.encoding=Cp1252 
java_command: MenuPrincipalGUI
java_class_path (initial): C:\Users\binto\Desktop\Friedrich\Prototypefinal\Prototype\bin;C:\Users\binto\Desktop\Friedrich\Prototypefinal\Prototype\lib\ojdbc7_g.jar
Launcher Type: SUN_STANDARD

Environment Variables:
PATH=C:/Program Files/Java/jre1.8.0_151/bin/server;C:/Program Files/Java/jre1.8.0_151/bin;C:/Program Files/Java/jre1.8.0_151/lib/amd64;C:\oraclexe\app\oracle\product\11.2.0\server\bin;;C:\Program Files (x86)\Intel\iCLS Client\;C:\ProgramData\Oracle\Java\javapath;C:\Program Files\Intel\iCLS Client\;C:\WINDOWS\system32;C:\WINDOWS;C:\WINDOWS\System32\Wbem;C:\WINDOWS\System32\WindowsPowerShell\v1.0\;C:\Program Files (x86)\Intel\Intel(R) Management Engine Components\DAL;C:\Program Files\Intel\Intel(R) Management Engine Components\DAL;C:\Program Files (x86)\Intel\Intel(R) Management Engine Components\IPT;C:\Program Files\Intel\Intel(R) Management Engine Components\IPT;C:\Program Files\Intel\IntelSGXPSW\bin\x64\Release\;C:\Program Files\Intel\IntelSGXPSW\bin\win32\Release\;C:\Users\binto\AppData\Local\Microsoft\WindowsApps;C:\Users\binto\AppData\Local\Programs\Git\cmd;C:\Users\binto\Desktop;
USERNAME=binto
OS=Windows_NT
PROCESSOR_IDENTIFIER=Intel64 Family 6 Model 78 Stepping 3, GenuineIntel



---------------  S Y S T E M  ---------------

OS: Windows 10.0 , 64 bit Build 15063 (10.0.15063.1029)

CPU:total 4 (initial active 4) (2 cores per cpu, 2 threads per core) family 6 model 78 stepping 3, cmov, cx8, fxsr, mmx, sse, sse2, sse3, ssse3, sse4.1, sse4.2, popcnt, avx, avx2, aes, clmul, erms, rtm, 3dnowpref, lzcnt, ht, tsc, tscinvbit, bmi1, bmi2, adx

Memory: 4k page, physical 4073888k(445020k free), swap 8577464k(4148k free)

vm_info: Java HotSpot(TM) 64-Bit Server VM (25.151-b12) for windows-amd64 JRE (1.8.0_151-b12), built on Sep  5 2017 19:33:46 by "java_re" with MS VC++ 10.0 (VS2010)

time: Sun May 13 15:36:07 2018
elapsed time: 202 seconds (0d 0h 3m 22s)

